<?xml version="1.0" encoding="UTF-8"?>
<!-- Generated by org.testng.reporters.JUnitReportReporter -->
<testsuite hostname="SYSTEM" failures="0" tests="3" name="testng.Crossbrowser" time="4.504" errors="0" timestamp="2024-02-16T20:22:28 IST" skipped="0">
  <testcase classname="testng.Crossbrowser" name="test" time="0.824"/>
  <system-out/>
  <testcase classname="testng.Crossbrowser" name="test" time="1.028"/>
  <system-out/>
  <testcase classname="testng.Crossbrowser" name="test" time="2.652"/>
  <system-out/>
</testsuite> <!-- testng.Crossbrowser -->
