<?xml version="1.0" encoding="UTF-8"?>
<!-- Generated by org.testng.reporters.JUnitReportReporter -->
<testsuite hostname="SYSTEM" failures="0" tests="1" name="test.Fblogintest" time="1.459" errors="0" timestamp="2024-02-27T12:22:10 IST" skipped="0">
  <testcase classname="test.Fblogintest" name="test" time="1.459"/>
  <system-out/>
</testsuite> <!-- test.Fblogintest -->
