<?xml version="1.0" encoding="UTF-8"?>
<!-- Generated by org.testng.reporters.JUnitReportReporter -->
<testsuite hostname="SYSTEM" failures="0" tests="1" name="testng.DragAndDrop" time="0.330" errors="0" timestamp="2024-02-19T13:14:46 IST" skipped="0">
  <testcase classname="testng.DragAndDrop" name="test" time="0.330"/>
  <system-out/>
</testsuite> <!-- testng.DragAndDrop -->
