<?xml version="1.0" encoding="UTF-8"?>
<!-- Generated by org.testng.reporters.JUnitReportReporter -->
<testsuite hostname="SYSTEM" failures="0" tests="1" name="testng.Fileupload2" time="5.303" errors="0" timestamp="2024-02-23T13:03:39 IST" skipped="0">
  <testcase classname="testng.Fileupload2" name="test" time="5.303"/>
  <system-out/>
</testsuite> <!-- testng.Fileupload2 -->
