<?xml version="1.0" encoding="UTF-8"?>
<!-- Generated by org.testng.reporters.JUnitReportReporter -->
<testsuite hostname="SYSTEM" failures="0" tests="1" name="test.Fblogintest2" time="1.432" errors="0" timestamp="2024-02-28T12:46:14 IST" skipped="0">
  <testcase classname="test.Fblogintest2" name="test" time="1.432"/>
  <system-out/>
</testsuite> <!-- test.Fblogintest2 -->
