<?xml version="1.0" encoding="UTF-8"?>
<!-- Generated by org.testng.reporters.JUnitReportReporter -->
<testsuite hostname="SYSTEM" failures="0" tests="1" name="testng.Ebay" time="5.765" errors="0" timestamp="2024-02-20T13:17:48 IST" skipped="0">
  <testcase classname="testng.Ebay" name="test" time="5.765"/>
  <system-out/>
</testsuite> <!-- testng.Ebay -->
