<?xml version="1.0" encoding="UTF-8"?>
<!-- Generated by org.testng.reporters.JUnitReportReporter -->
<testsuite hostname="SYSTEM" failures="0" tests="1" name="testng.RightandDouble" time="3.290" errors="0" timestamp="2024-02-20T12:25:44 IST" skipped="0">
  <testcase classname="testng.RightandDouble" name="test" time="3.290"/>
  <system-out/>
</testsuite> <!-- testng.RightandDouble -->
