<?xml version="1.0" encoding="UTF-8"?>
<!-- Generated by org.testng.reporters.JUnitReportReporter -->
<testsuite hostname="SYSTEM" failures="0" tests="1" name="testng.Datepicker" time="29.621" errors="0" timestamp="2024-03-01T12:59:09 IST" skipped="0">
  <testcase classname="testng.Datepicker" name="test" time="29.621"/>
  <system-out/>
</testsuite> <!-- testng.Datepicker -->
