<?xml version="1.0" encoding="UTF-8"?>
<!-- Generated by org.testng.reporters.JUnitReportReporter -->
<testsuite hostname="SYSTEM" failures="0" tests="1" name="testng.ActionCls" time="0.563" errors="0" timestamp="2024-02-19T12:22:21 IST" skipped="0">
  <testcase classname="testng.ActionCls" name="test" time="0.563"/>
  <system-out/>
</testsuite> <!-- testng.ActionCls -->
