<?xml version="1.0" encoding="UTF-8"?>
<!-- Generated by org.testng.reporters.JUnitReportReporter -->
<testsuite hostname="SYSTEM" failures="0" tests="3" name="testng.Grouping" time="0.010" errors="0" timestamp="2024-02-15T12:12:31 IST" skipped="0">
  <testcase classname="testng.Grouping" name="main2" time="0.008"/>
  <system-out/>
  <testcase classname="testng.Grouping" name="main5" time="0.001"/>
  <system-out/>
  <testcase classname="testng.Grouping" name="main3" time="0.001"/>
  <system-out/>
</testsuite> <!-- testng.Grouping -->
