<?xml version="1.0" encoding="UTF-8"?>
<!-- Generated by org.testng.reporters.JUnitReportReporter -->
<testsuite hostname="SYSTEM" failures="0" tests="1" name="testng.Fileupload" time="0.184" errors="0" timestamp="2024-02-23T12:31:12 IST" skipped="0">
  <testcase classname="testng.Fileupload" name="test" time="0.184"/>
  <system-out/>
</testsuite> <!-- testng.Fileupload -->
