<?xml version="1.0" encoding="UTF-8"?>
<!-- Generated by org.testng.reporters.JUnitReportReporter -->
<testsuite hostname="SYSTEM" failures="0" tests="1" name="testng.ParameterAnnotation" time="0.009" errors="0" timestamp="2024-02-15T12:49:19 IST" skipped="0">
  <testcase classname="testng.ParameterAnnotation" name="main" time="0.009"/>
  <system-out/>
</testsuite> <!-- testng.ParameterAnnotation -->
