<?xml version="1.0" encoding="UTF-8"?>
<!-- Generated by org.testng.reporters.JUnitReportReporter -->
<testsuite hostname="SYSTEM" failures="0" tests="1" name="testng.AmazoneAssignment2" time="20.628" errors="0" timestamp="2024-02-22T23:31:32 IST" skipped="0">
  <testcase classname="testng.AmazoneAssignment2" name="test" time="20.628"/>
  <system-out/>
</testsuite> <!-- testng.AmazoneAssignment2 -->
