<?xml version="1.0" encoding="UTF-8"?>
<!-- Generated by org.testng.reporters.JUnitReportReporter -->
<testsuite hostname="SYSTEM" failures="0" tests="1" name="test.Fbtest" time="17.979" errors="0" timestamp="2024-02-29T13:30:01 IST" skipped="0">
  <testcase classname="test.Fbtest" name="verifyLoginEithValidCred" time="17.979"/>
  <system-out/>
</testsuite> <!-- test.Fbtest -->
