<?xml version="1.0" encoding="UTF-8"?>
<!-- Generated by org.testng.reporters.JUnitReportReporter -->
<testsuite hostname="SYSTEM" failures="0" tests="4" name="testng.Structure" time="0.017" errors="0" timestamp="2024-02-16T20:22:51 IST" skipped="1">
  <testcase classname="testng.Structure" name="test3" time="0.010"/>
  <system-out/>
  <testcase classname="testng.Structure" name="test2" time="0.004"/>
  <system-out/>
  <testcase classname="testng.Structure" name="test2" time="0.003"/>
  <system-out/>
  <testcase classname="testng.Structure" name="test1">
    <skipped/>
  </testcase> <!-- test1 -->
  <system-out/>
</testsuite> <!-- testng.Structure -->
