<?xml version="1.0" encoding="UTF-8"?>
<!-- Generated by org.testng.reporters.JUnitReportReporter -->
<testsuite hostname="SYSTEM" failures="0" tests="1" name="testng.Windowhandle" time="3.074" errors="0" timestamp="2024-02-22T23:21:25 IST" skipped="0">
  <testcase classname="testng.Windowhandle" name="test" time="3.074"/>
  <system-out/>
</testsuite> <!-- testng.Windowhandle -->
